Analysis & Synthesis report for Single-Cycle-ARM-Processor
Wed Nov 13 12:10:55 2019
Quartus Prime Version 18.1.0 Build 625 09/12/2018 SJ Lite Edition


---------------------
; Table of Contents ;
---------------------
  1. Legal Notice
  2. Analysis & Synthesis Summary
  3. Analysis & Synthesis Settings
  4. Parallel Compilation
  5. Analysis & Synthesis Messages
  6. Analysis & Synthesis Suppressed Messages



----------------
; Legal Notice ;
----------------
Copyright (C) 2018  Intel Corporation. All rights reserved.
Your use of Intel Corporation's design tools, logic functions 
and other software and tools, and its AMPP partner logic 
functions, and any output files from any of the foregoing 
(including device programming or simulation files), and any 
associated documentation or information are expressly subject 
to the terms and conditions of the Intel Program License 
Subscription Agreement, the Intel Quartus Prime License Agreement,
the Intel FPGA IP License Agreement, or other applicable license
agreement, including, without limitation, that your use is for
the sole purpose of programming logic devices manufactured by
Intel and sold by Intel or its authorized distributors.  Please
refer to the applicable agreement for further details.



+---------------------------------------------------------------------------+
; Analysis & Synthesis Summary                                              ;
+-----------------------------+---------------------------------------------+
; Analysis & Synthesis Status ; Failed - Wed Nov 13 12:10:55 2019           ;
; Quartus Prime Version       ; 18.1.0 Build 625 09/12/2018 SJ Lite Edition ;
; Revision Name               ; Single-Cycle-ARM-Processor                  ;
; Top-level Entity Name       ; processor                                   ;
; Family                      ; Cyclone V                                   ;
; Logic utilization (in ALMs) ; N/A until Partition Merge                   ;
; Total registers             ; N/A until Partition Merge                   ;
; Total pins                  ; N/A until Partition Merge                   ;
; Total virtual pins          ; N/A until Partition Merge                   ;
; Total block memory bits     ; N/A until Partition Merge                   ;
; Total PLLs                  ; N/A until Partition Merge                   ;
; Total DLLs                  ; N/A until Partition Merge                   ;
+-----------------------------+---------------------------------------------+


+-----------------------------------------------------------------------------------------------------------------------------------+
; Analysis & Synthesis Settings                                                                                                     ;
+---------------------------------------------------------------------------------+--------------------+----------------------------+
; Option                                                                          ; Setting            ; Default Value              ;
+---------------------------------------------------------------------------------+--------------------+----------------------------+
; Device                                                                          ; 5CSEMA5F31C6       ;                            ;
; Top-level entity name                                                           ; processor          ; Single-Cycle-ARM-Processor ;
; Family name                                                                     ; Cyclone V          ; Cyclone V                  ;
; Use smart compilation                                                           ; Off                ; Off                        ;
; Enable parallel Assembler and Timing Analyzer during compilation                ; On                 ; On                         ;
; Enable compact report table                                                     ; Off                ; Off                        ;
; Restructure Multiplexers                                                        ; Auto               ; Auto                       ;
; MLAB Add Timing Constraints For Mixed-Port Feed-Through Mode Setting Don't Care ; Off                ; Off                        ;
; Create Debugging Nodes for IP Cores                                             ; Off                ; Off                        ;
; Preserve fewer node names                                                       ; On                 ; On                         ;
; Intel FPGA IP Evaluation Mode                                                   ; Enable             ; Enable                     ;
; Verilog Version                                                                 ; Verilog_2001       ; Verilog_2001               ;
; VHDL Version                                                                    ; VHDL_1993          ; VHDL_1993                  ;
; State Machine Processing                                                        ; Auto               ; Auto                       ;
; Safe State Machine                                                              ; Off                ; Off                        ;
; Extract Verilog State Machines                                                  ; On                 ; On                         ;
; Extract VHDL State Machines                                                     ; On                 ; On                         ;
; Ignore Verilog initial constructs                                               ; Off                ; Off                        ;
; Iteration limit for constant Verilog loops                                      ; 5000               ; 5000                       ;
; Iteration limit for non-constant Verilog loops                                  ; 250                ; 250                        ;
; Add Pass-Through Logic to Inferred RAMs                                         ; On                 ; On                         ;
; Infer RAMs from Raw Logic                                                       ; On                 ; On                         ;
; Parallel Synthesis                                                              ; On                 ; On                         ;
; DSP Block Balancing                                                             ; Auto               ; Auto                       ;
; NOT Gate Push-Back                                                              ; On                 ; On                         ;
; Power-Up Don't Care                                                             ; On                 ; On                         ;
; Remove Redundant Logic Cells                                                    ; Off                ; Off                        ;
; Remove Duplicate Registers                                                      ; On                 ; On                         ;
; Ignore CARRY Buffers                                                            ; Off                ; Off                        ;
; Ignore CASCADE Buffers                                                          ; Off                ; Off                        ;
; Ignore GLOBAL Buffers                                                           ; Off                ; Off                        ;
; Ignore ROW GLOBAL Buffers                                                       ; Off                ; Off                        ;
; Ignore LCELL Buffers                                                            ; Off                ; Off                        ;
; Ignore SOFT Buffers                                                             ; On                 ; On                         ;
; Limit AHDL Integers to 32 Bits                                                  ; Off                ; Off                        ;
; Optimization Technique                                                          ; Balanced           ; Balanced                   ;
; Carry Chain Length                                                              ; 70                 ; 70                         ;
; Auto Carry Chains                                                               ; On                 ; On                         ;
; Auto Open-Drain Pins                                                            ; On                 ; On                         ;
; Perform WYSIWYG Primitive Resynthesis                                           ; Off                ; Off                        ;
; Auto ROM Replacement                                                            ; On                 ; On                         ;
; Auto RAM Replacement                                                            ; On                 ; On                         ;
; Auto DSP Block Replacement                                                      ; On                 ; On                         ;
; Auto Shift Register Replacement                                                 ; Auto               ; Auto                       ;
; Allow Shift Register Merging across Hierarchies                                 ; Auto               ; Auto                       ;
; Auto Clock Enable Replacement                                                   ; On                 ; On                         ;
; Strict RAM Replacement                                                          ; Off                ; Off                        ;
; Allow Synchronous Control Signals                                               ; On                 ; On                         ;
; Force Use of Synchronous Clear Signals                                          ; Off                ; Off                        ;
; Auto Resource Sharing                                                           ; Off                ; Off                        ;
; Allow Any RAM Size For Recognition                                              ; Off                ; Off                        ;
; Allow Any ROM Size For Recognition                                              ; Off                ; Off                        ;
; Allow Any Shift Register Size For Recognition                                   ; Off                ; Off                        ;
; Use LogicLock Constraints during Resource Balancing                             ; On                 ; On                         ;
; Ignore translate_off and synthesis_off directives                               ; Off                ; Off                        ;
; Timing-Driven Synthesis                                                         ; On                 ; On                         ;
; Report Parameter Settings                                                       ; On                 ; On                         ;
; Report Source Assignments                                                       ; On                 ; On                         ;
; Report Connectivity Checks                                                      ; On                 ; On                         ;
; Ignore Maximum Fan-Out Assignments                                              ; Off                ; Off                        ;
; Synchronization Register Chain Length                                           ; 3                  ; 3                          ;
; Power Optimization During Synthesis                                             ; Normal compilation ; Normal compilation         ;
; HDL message level                                                               ; Level2             ; Level2                     ;
; Suppress Register Optimization Related Messages                                 ; Off                ; Off                        ;
; Number of Removed Registers Reported in Synthesis Report                        ; 5000               ; 5000                       ;
; Number of Swept Nodes Reported in Synthesis Report                              ; 5000               ; 5000                       ;
; Number of Inverted Registers Reported in Synthesis Report                       ; 100                ; 100                        ;
; Clock MUX Protection                                                            ; On                 ; On                         ;
; Auto Gated Clock Conversion                                                     ; Off                ; Off                        ;
; Block Design Naming                                                             ; Auto               ; Auto                       ;
; SDC constraint protection                                                       ; Off                ; Off                        ;
; Synthesis Effort                                                                ; Auto               ; Auto                       ;
; Shift Register Replacement - Allow Asynchronous Clear Signal                    ; On                 ; On                         ;
; Pre-Mapping Resynthesis Optimization                                            ; Off                ; Off                        ;
; Analysis & Synthesis Message Level                                              ; Medium             ; Medium                     ;
; Disable Register Merging Across Hierarchies                                     ; Auto               ; Auto                       ;
; Resource Aware Inference For Block RAM                                          ; On                 ; On                         ;
; Automatic Parallel Synthesis                                                    ; On                 ; On                         ;
; Partial Reconfiguration Bitstream ID                                            ; Off                ; Off                        ;
+---------------------------------------------------------------------------------+--------------------+----------------------------+


+------------------------------------------+
; Parallel Compilation                     ;
+----------------------------+-------------+
; Processors                 ; Number      ;
+----------------------------+-------------+
; Number detected on machine ; 8           ;
; Maximum allowed            ; 4           ;
;                            ;             ;
; Average used               ; 1.00        ;
; Maximum used               ; 1           ;
;                            ;             ;
; Usage by Processor         ; % Time Used ;
;     Processor 1            ; 100.0%      ;
+----------------------------+-------------+


+-------------------------------+
; Analysis & Synthesis Messages ;
+-------------------------------+
Info: *******************************************************************
Info: Running Quartus Prime Analysis & Synthesis
    Info: Version 18.1.0 Build 625 09/12/2018 SJ Lite Edition
    Info: Processing started: Wed Nov 13 12:10:39 2019
Info: Command: quartus_map --read_settings_files=on --write_settings_files=off Single-Cycle-ARM-Processor -c Single-Cycle-ARM-Processor
Warning (18236): Number of processors has not been specified which may cause overloading on shared machines.  Set the global assignment NUM_PARALLEL_PROCESSORS in your QSF to an appropriate value for best performance.
Info (20030): Parallel compilation is enabled and will use 4 of the 4 processors detected
Info (12021): Found 1 design units, including 1 entities, in source file arm.sv
    Info (12023): Found entity 1: Arm File: C:/Users/ErickOF/Documents/Git/Single-Cycle-ARM-Processor/Arm.sv Line: 1
Info (12021): Found 1 design units, including 1 entities, in source file controller.sv
    Info (12023): Found entity 1: controller File: C:/Users/ErickOF/Documents/Git/Single-Cycle-ARM-Processor/controller.sv Line: 1
Info (12021): Found 1 design units, including 1 entities, in source file decoder.sv
    Info (12023): Found entity 1: decoder File: C:/Users/ErickOF/Documents/Git/Single-Cycle-ARM-Processor/decoder.sv Line: 1
Info (12021): Found 1 design units, including 1 entities, in source file condlogic.sv
    Info (12023): Found entity 1: condlogic File: C:/Users/ErickOF/Documents/Git/Single-Cycle-ARM-Processor/condlogic.sv Line: 1
Info (12021): Found 1 design units, including 1 entities, in source file condcheck.sv
    Info (12023): Found entity 1: condcheck File: C:/Users/ErickOF/Documents/Git/Single-Cycle-ARM-Processor/condcheck.sv Line: 1
Info (12021): Found 1 design units, including 1 entities, in source file datapath.sv
    Info (12023): Found entity 1: datapath File: C:/Users/ErickOF/Documents/Git/Single-Cycle-ARM-Processor/datapath.sv Line: 1
Info (12021): Found 1 design units, including 1 entities, in source file regfile.sv
    Info (12023): Found entity 1: regfile File: C:/Users/ErickOF/Documents/Git/Single-Cycle-ARM-Processor/regfile.sv Line: 1
Info (12021): Found 1 design units, including 1 entities, in source file adder.sv
    Info (12023): Found entity 1: adder File: C:/Users/ErickOF/Documents/Git/Single-Cycle-ARM-Processor/adder.sv Line: 1
Info (12021): Found 1 design units, including 1 entities, in source file extend.sv
    Info (12023): Found entity 1: extend File: C:/Users/ErickOF/Documents/Git/Single-Cycle-ARM-Processor/extend.sv Line: 1
Info (12021): Found 1 design units, including 1 entities, in source file flopr.sv
    Info (12023): Found entity 1: flopr File: C:/Users/ErickOF/Documents/Git/Single-Cycle-ARM-Processor/flopr.sv Line: 1
Info (12021): Found 1 design units, including 1 entities, in source file flopenr.sv
    Info (12023): Found entity 1: flopenr File: C:/Users/ErickOF/Documents/Git/Single-Cycle-ARM-Processor/flopenr.sv Line: 1
Info (12021): Found 1 design units, including 1 entities, in source file mux2.sv
    Info (12023): Found entity 1: mux2 File: C:/Users/ErickOF/Documents/Git/Single-Cycle-ARM-Processor/mux2.sv Line: 1
Info (12021): Found 1 design units, including 1 entities, in source file processor.sv
    Info (12023): Found entity 1: processor File: C:/Users/ErickOF/Documents/Git/Single-Cycle-ARM-Processor/processor.sv Line: 1
Info (12021): Found 1 design units, including 1 entities, in source file dmem.sv
    Info (12023): Found entity 1: dmem File: C:/Users/ErickOF/Documents/Git/Single-Cycle-ARM-Processor/dmem.sv Line: 1
Info (12021): Found 1 design units, including 1 entities, in source file imem.sv
    Info (12023): Found entity 1: imem File: C:/Users/ErickOF/Documents/Git/Single-Cycle-ARM-Processor/imem.sv Line: 1
Info (12127): Elaborating entity "processor" for the top level hierarchy
Info (12128): Elaborating entity "Arm" for hierarchy "Arm:arm" File: C:/Users/ErickOF/Documents/Git/Single-Cycle-ARM-Processor/processor.sv Line: 8
Info (12128): Elaborating entity "controller" for hierarchy "Arm:arm|controller:c" File: C:/Users/ErickOF/Documents/Git/Single-Cycle-ARM-Processor/Arm.sv Line: 12
Info (12128): Elaborating entity "decoder" for hierarchy "Arm:arm|controller:c|decoder:dec" File: C:/Users/ErickOF/Documents/Git/Single-Cycle-ARM-Processor/controller.sv Line: 15
Info (12128): Elaborating entity "condlogic" for hierarchy "Arm:arm|controller:c|condlogic:cl" File: C:/Users/ErickOF/Documents/Git/Single-Cycle-ARM-Processor/controller.sv Line: 16
Info (12128): Elaborating entity "flopenr" for hierarchy "Arm:arm|controller:c|condlogic:cl|flopenr:flagreg1" File: C:/Users/ErickOF/Documents/Git/Single-Cycle-ARM-Processor/condlogic.sv Line: 12
Info (12128): Elaborating entity "condcheck" for hierarchy "Arm:arm|controller:c|condlogic:cl|condcheck:cc" File: C:/Users/ErickOF/Documents/Git/Single-Cycle-ARM-Processor/condlogic.sv Line: 16
Info (12128): Elaborating entity "datapath" for hierarchy "Arm:arm|datapath:dp" File: C:/Users/ErickOF/Documents/Git/Single-Cycle-ARM-Processor/Arm.sv Line: 13
Info (12128): Elaborating entity "mux2" for hierarchy "Arm:arm|datapath:dp|mux2:pcmux" File: C:/Users/ErickOF/Documents/Git/Single-Cycle-ARM-Processor/datapath.sv Line: 20
Info (12128): Elaborating entity "flopr" for hierarchy "Arm:arm|datapath:dp|flopr:pcreg" File: C:/Users/ErickOF/Documents/Git/Single-Cycle-ARM-Processor/datapath.sv Line: 21
Info (12128): Elaborating entity "adder" for hierarchy "Arm:arm|datapath:dp|adder:pcadd1" File: C:/Users/ErickOF/Documents/Git/Single-Cycle-ARM-Processor/datapath.sv Line: 22
Info (12128): Elaborating entity "mux2" for hierarchy "Arm:arm|datapath:dp|mux2:ra1mux" File: C:/Users/ErickOF/Documents/Git/Single-Cycle-ARM-Processor/datapath.sv Line: 26
Info (12128): Elaborating entity "regfile" for hierarchy "Arm:arm|datapath:dp|regfile:rf" File: C:/Users/ErickOF/Documents/Git/Single-Cycle-ARM-Processor/datapath.sv Line: 28
Info (12128): Elaborating entity "extend" for hierarchy "Arm:arm|datapath:dp|extend:ext" File: C:/Users/ErickOF/Documents/Git/Single-Cycle-ARM-Processor/datapath.sv Line: 30
Info (12128): Elaborating entity "imem" for hierarchy "imem:imem" File: C:/Users/ErickOF/Documents/Git/Single-Cycle-ARM-Processor/processor.sv Line: 10
Warning (10858): Verilog HDL warning at imem.sv(4): object RAM used but never assigned File: C:/Users/ErickOF/Documents/Git/Single-Cycle-ARM-Processor/imem.sv Line: 4
Info (12128): Elaborating entity "dmem" for hierarchy "dmem:dmem" File: C:/Users/ErickOF/Documents/Git/Single-Cycle-ARM-Processor/processor.sv Line: 11
Error (12006): Node instance "alu" instantiates undefined entity "alu". Ensure that required library paths are specified correctly, define the specified entity, or change the instantiation. If this entity represents Intel FPGA or third-party IP, generate the synthesis files for the IP. File: C:/Users/ErickOF/Documents/Git/Single-Cycle-ARM-Processor/datapath.sv Line: 34
Info (144001): Generated suppressed messages file C:/Users/ErickOF/Documents/Git/Single-Cycle-ARM-Processor/output_files/Single-Cycle-ARM-Processor.map.smsg
Error: Quartus Prime Analysis & Synthesis was unsuccessful. 1 error, 2 warnings
    Error: Peak virtual memory: 4776 megabytes
    Error: Processing ended: Wed Nov 13 12:10:55 2019
    Error: Elapsed time: 00:00:16
    Error: Total CPU time (on all processors): 00:00:33


+------------------------------------------+
; Analysis & Synthesis Suppressed Messages ;
+------------------------------------------+
The suppressed messages can be found in C:/Users/ErickOF/Documents/Git/Single-Cycle-ARM-Processor/output_files/Single-Cycle-ARM-Processor.map.smsg.


